
============================================================
TUNING SESSION: 2025-12-23T19:22:25.017463+00:00
Game Date: 2025-12-22 | Season: 2025
------------------------------------------------------------
Players Analyzed: 96
MAE: 4.51 pts | RMSE: 5.72 pts
Bias: 1.61 pts (positive = under-predicting)
Within 5 pts: 63.5% | Within 10 pts: 90.6%
------------------------------------------------------------
TOP CORRELATIONS (factor → error):
  minutes: r=-0.1768
  minutes_raw: r=-0.1656
  usage_raw: r=-0.0836
  rest: r=0.0781
  rest_raw: r=0.0781
------------------------------------------------------------
TOP SUGGESTION:
  Factor: minutes (Minutes stability bonus)
  Correlation: -0.1768
  Recommendation: DECREASE weights or REVIEW logic (adjustment over-predicts)
  Suggested Change: -10-20% from current weights
============================================================

============================================================
TUNING SESSION: 2025-12-23T19:47:28.502397+00:00
Game Date: 2025-12-22 | Season: 2025
------------------------------------------------------------
Players Analyzed: 96
MAE: 4.51 pts | RMSE: 5.72 pts
Bias: 1.61 pts (positive = under-predicting)
Within 5 pts: 63.5% | Within 10 pts: 90.6%
------------------------------------------------------------
TOP CORRELATIONS (factor → error):
  minutes: r=-0.1778
  minutes_raw: r=-0.1656
  usage_raw: r=-0.0836
  rest: r=0.0781
  rest_raw: r=0.0781
------------------------------------------------------------
TOP SUGGESTION:
  Factor: minutes (Minutes stability bonus)
  Correlation: -0.1778
  Recommendation: DECREASE weights or REVIEW logic (adjustment over-predicts)
  Suggested Change: -10-20% from current weights
============================================================

============================================================
TUNING SESSION: 2025-12-24T09:52:35.847802+00:00
Game Date: 2025-12-23 | Season: 2025
------------------------------------------------------------
Players Analyzed: 194
MAE: 5.64 pts | RMSE: 7.29 pts
Bias: 2.03 pts (positive = under-predicting)
Within 5 pts: 56.2% | Within 10 pts: 84.0%
------------------------------------------------------------
TOP CORRELATIONS (factor → error):
  form: r=0.2295
  form_raw: r=0.2164
  dvp: r=0.1688
  dvp_rank_raw: r=0.1603
  pace: r=0.1272
------------------------------------------------------------
TOP SUGGESTION:
  Factor: form (Recent form adjustment)
  Correlation: 0.2295
  Recommendation: INCREASE weights (adjustment under-predicts when conditions favor)
  Suggested Change: +10-20% to current weights
============================================================

============================================================
TUNING SESSION: 2025-12-26T20:18:41.563803+00:00
Game Date: 2025-12-25 | Season: 2025
------------------------------------------------------------
Players Analyzed: 68
MAE: 5.86 pts | RMSE: 7.61 pts
Bias: 0.97 pts (positive = under-predicting)
Within 5 pts: 51.5% | Within 10 pts: 82.4%
------------------------------------------------------------
TOP CORRELATIONS (factor → error):
  form_raw: r=0.2511
  form: r=0.1671
  pace: r=0.1631
  league_rank: r=0.1428
  usage_raw: r=0.1341
------------------------------------------------------------
TOP SUGGESTION:
  Factor: form (Recent form adjustment)
  Correlation: 0.1671
  Recommendation: INCREASE weights (adjustment under-predicts when conditions favor)
  Suggested Change: +10-20% to current weights
============================================================

============================================================
TUNING SESSION: 2025-12-27T19:04:45.912202+00:00
Game Date: 2025-12-26 | Season: 2025
------------------------------------------------------------
Players Analyzed: 121
MAE: 4.76 pts | RMSE: 6.15 pts
Bias: 1.68 pts (positive = under-predicting)
Within 5 pts: 57.9% | Within 10 pts: 88.4%
------------------------------------------------------------
TOP CORRELATIONS (factor → error):
  consistency: r=-0.1252
  consistency_raw: r=0.1026
  usage: r=-0.0977
  pace_raw: r=-0.0896
  rest: r=-0.0885
------------------------------------------------------------
TOP SUGGESTION:
  Factor: consistency (Scoring consistency)
  Correlation: -0.1252
  Recommendation: DECREASE weights or REVIEW logic (adjustment over-predicts)
  Suggested Change: -10-20% from current weights
============================================================

============================================================
TUNING SESSION: 2025-12-28T20:05:04.430853+00:00
Game Date: 2025-12-27 | Season: 2025
------------------------------------------------------------
Players Analyzed: 121
MAE: 5.84 pts | RMSE: 7.45 pts
Bias: 1.89 pts (positive = under-predicting)
Within 5 pts: 54.5% | Within 10 pts: 81.8%
------------------------------------------------------------
TOP CORRELATIONS (factor → error):
  form_raw: r=0.1943
  form: r=0.1507
  rest: r=-0.1401
  league_rank_raw: r=-0.1035
  pace_raw: r=0.0929
------------------------------------------------------------
TOP SUGGESTION:
  Factor: form (Recent form adjustment)
  Correlation: 0.1507
  Recommendation: INCREASE weights (adjustment under-predicts when conditions favor)
  Suggested Change: +10-20% to current weights
============================================================

============================================================
TUNING SESSION: 2025-12-29T07:34:04.460773+00:00
Game Date: 2025-12-28 | Season: 2025
------------------------------------------------------------
Players Analyzed: 85
MAE: 4.92 pts | RMSE: 6.66 pts
Bias: 1.8 pts (positive = under-predicting)
Within 5 pts: 61.2% | Within 10 pts: 88.2%
------------------------------------------------------------
TOP CORRELATIONS (factor → error):
  form_raw: r=0.1509
  usage_raw: r=0.1484
  form: r=0.1248
  league_rank: r=0.0720
  consistency: r=-0.0707
------------------------------------------------------------
TOP SUGGESTION:
  Factor: form (Recent form adjustment)
  Correlation: 0.1248
  Recommendation: INCREASE weights (adjustment under-predicts when conditions favor)
  Suggested Change: +10-20% to current weights
============================================================

============================================================
TUNING SESSION: 2025-12-30T20:29:45.153301+00:00
Game Date: 2025-12-29 | Season: 2025
------------------------------------------------------------
Players Analyzed: 149
MAE: 5.5 pts | RMSE: 6.95 pts
Bias: 2.04 pts (positive = under-predicting)
Within 5 pts: 57.0% | Within 10 pts: 83.2%
------------------------------------------------------------
TOP CORRELATIONS (factor → error):
  form_raw: r=0.2978
  form: r=0.2751
  consistency_raw: r=-0.2691
  consistency: r=0.2018
  league_rank_raw: r=0.1631
------------------------------------------------------------
TOP SUGGESTION:
  Factor: form (Recent form adjustment)
  Correlation: 0.2751
  Recommendation: INCREASE weights (adjustment under-predicts when conditions favor)
  Suggested Change: +10-20% to current weights
============================================================

============================================================
TUNING SESSION: 2025-12-31T13:52:37.495150+00:00
Game Date: 2025-12-30 | Season: 2025
------------------------------------------------------------
Players Analyzed: 50
MAE: 5.23 pts | RMSE: 7.26 pts
Bias: 2.41 pts (positive = under-predicting)
Within 5 pts: 64.0% | Within 10 pts: 82.0%
------------------------------------------------------------
TOP CORRELATIONS (factor → error):
  pace_raw: r=0.2082
  minutes_raw: r=-0.1958
  dvp: r=-0.1360
  usage_raw: r=0.1332
  rest: r=0.1226
------------------------------------------------------------
TOP SUGGESTION:
  Factor: dvp (DvP matchup advantage)
  Correlation: -0.1360
  Recommendation: DECREASE weights or REVIEW logic (adjustment over-predicts)
  Suggested Change: -10-20% from current weights
============================================================

============================================================
TUNING SESSION: 2026-01-01T12:30:59.556428+00:00
Game Date: 2025-12-31 | Season: 2025
------------------------------------------------------------
Players Analyzed: 122
MAE: 5.12 pts | RMSE: 6.54 pts
Bias: 1.34 pts (positive = under-predicting)
Within 5 pts: 54.9% | Within 10 pts: 89.3%
------------------------------------------------------------
TOP CORRELATIONS (factor → error):
  form: r=0.1367
  minutes: r=-0.1163
  dvp: r=-0.1134
  form_raw: r=0.1003
  minutes_raw: r=-0.0976
------------------------------------------------------------
TOP SUGGESTION:
  Factor: form (Recent form adjustment)
  Correlation: 0.1367
  Recommendation: INCREASE weights (adjustment under-predicts when conditions favor)
  Suggested Change: +10-20% to current weights
============================================================

============================================================
TUNING SESSION: 2026-01-02T21:33:32.057849+00:00
Game Date: 2026-01-01 | Season: 2025
------------------------------------------------------------
Players Analyzed: 71
MAE: 5.08 pts | RMSE: 6.52 pts
Bias: 1.75 pts (positive = under-predicting)
Within 5 pts: 57.7% | Within 10 pts: 90.1%
------------------------------------------------------------
TOP CORRELATIONS (factor → error):
  rest: r=-0.1804
  rest_raw: r=-0.1804
  form: r=0.1525
  consistency_raw: r=-0.1404
  form_raw: r=0.1347
------------------------------------------------------------
TOP SUGGESTION:
  Factor: rest (Days of rest impact)
  Correlation: -0.1804
  Recommendation: DECREASE weights or REVIEW logic (adjustment over-predicts)
  Suggested Change: -10-20% from current weights
============================================================

============================================================
TUNING SESSION: 2026-01-03T10:48:06.054850+00:00
Game Date: 2026-01-02 | Season: 2025
------------------------------------------------------------
Players Analyzed: 142
MAE: 5.04 pts | RMSE: 6.36 pts
Bias: 2.21 pts (positive = under-predicting)
Within 5 pts: 59.2% | Within 10 pts: 84.5%
------------------------------------------------------------
TOP CORRELATIONS (factor → error):
  form: r=0.2237
  form_raw: r=0.2217
  consistency_raw: r=-0.1730
  consistency: r=0.1556
  dvp_rank_raw: r=-0.0837
------------------------------------------------------------
TOP SUGGESTION:
  Factor: form (Recent form adjustment)
  Correlation: 0.2237
  Recommendation: INCREASE weights (adjustment under-predicts when conditions favor)
  Suggested Change: +10-20% to current weights
============================================================

============================================================
TUNING SESSION: 2026-01-04T20:31:27.006464+00:00
Game Date: 2026-01-03 | Season: 2025
------------------------------------------------------------
Players Analyzed: 102
MAE: 5.58 pts | RMSE: 7.16 pts
Bias: 2.18 pts (positive = under-predicting)
Within 5 pts: 52.0% | Within 10 pts: 87.3%
------------------------------------------------------------
TOP CORRELATIONS (factor → error):
  form_raw: r=0.2311
  form: r=0.2061
  consistency_raw: r=0.1455
  league_rank: r=0.1217
  consistency: r=-0.0861
------------------------------------------------------------
TOP SUGGESTION:
  Factor: form (Recent form adjustment)
  Correlation: 0.2061
  Recommendation: INCREASE weights (adjustment under-predicts when conditions favor)
  Suggested Change: +10-20% to current weights
============================================================

============================================================
TUNING SESSION: 2026-01-05T12:52:50.579137+00:00
Game Date: 2026-01-04 | Season: 2025
------------------------------------------------------------
Players Analyzed: 103
MAE: 5.6 pts | RMSE: 7.16 pts
Bias: 2.17 pts (positive = under-predicting)
Within 5 pts: 51.5% | Within 10 pts: 83.5%
------------------------------------------------------------
TOP CORRELATIONS (factor → error):
  form: r=0.2707
  form_raw: r=0.2269
  dvp_rank_raw: r=0.1658
  dvp: r=0.1597
  pace: r=-0.1006
------------------------------------------------------------
TOP SUGGESTION:
  Factor: form (Recent form adjustment)
  Correlation: 0.2707
  Recommendation: INCREASE weights (adjustment under-predicts when conditions favor)
  Suggested Change: +10-20% to current weights
============================================================

============================================================
TUNING SESSION: 2026-01-06T08:33:45.244923+00:00
Game Date: 2026-01-05 | Season: 2025
------------------------------------------------------------
Players Analyzed: 113
MAE: 5.2 pts | RMSE: 6.92 pts
Bias: 1.1 pts (positive = under-predicting)
Within 5 pts: 61.9% | Within 10 pts: 84.1%
------------------------------------------------------------
TOP CORRELATIONS (factor → error):
  form_raw: r=0.4147
  form: r=0.3658
  league_rank_raw: r=0.2824
  league_rank: r=-0.2415
  usage_raw: r=-0.1616
------------------------------------------------------------
TOP SUGGESTION:
  Factor: form (Recent form adjustment)
  Correlation: 0.3658
  Recommendation: INCREASE weights (adjustment under-predicts when conditions favor)
  Suggested Change: +10-20% to current weights
============================================================

============================================================
TUNING SESSION: 2026-01-07T07:47:50.338267+00:00
Game Date: 2026-01-06 | Season: 2025
------------------------------------------------------------
Players Analyzed: 84
MAE: 4.96 pts | RMSE: 6.39 pts
Bias: 0.46 pts (positive = under-predicting)
Within 5 pts: 58.3% | Within 10 pts: 86.9%
------------------------------------------------------------
TOP CORRELATIONS (factor → error):
  usage: r=-0.2150
  minutes_raw: r=-0.2103
  minutes: r=-0.1972
  usage_raw: r=-0.1766
  league_rank_raw: r=0.1678
------------------------------------------------------------
TOP SUGGESTION:
  Factor: usage (High usage (>=28%) players)
  Correlation: -0.2150
  Recommendation: DECREASE weights or REVIEW logic (adjustment over-predicts)
  Suggested Change: -10-20% from current weights
============================================================
